<?xml version="1.0" encoding="UTF-8"?>
<!-- Generated by org.testng.reporters.JUnitReportReporter -->
<testsuite hostname="Anjus-MacBook-Air.local" failures="0" tests="7" name="com.testcases.LoginPageTest" time="17.547" errors="0" timestamp="2025-04-17T18:17:38 IST" skipped="0">
  <testcase classname="com.testcases.LoginPageTest" name="testTitleVerification" time="1.978"/>
  <testcase classname="com.testcases.LoginPageTest" name="testInvalidLogin" time="2.130"/>
  <testcase classname="com.testcases.LoginPageTest" name="testInvalidLogin" time="2.152"/>
  <testcase classname="com.testcases.LoginPageTest" name="testInvalidLogin" time="2.384"/>
  <testcase classname="com.testcases.LoginPageTest" name="testInvalidLogin" time="2.122"/>
  <testcase classname="com.testcases.LoginPageTest" name="testValidLogin" time="4.574"/>
  <testcase classname="com.testcases.LoginPageTest" name="testValidLogin" time="2.207"/>
</testsuite> <!-- com.testcases.LoginPageTest -->
